<?xml version="1.0" encoding="UTF-8"?>
<testsuite xmlns:xsi="http://www.w3.org/2001/XMLSchema-instance" xsi:noNamespaceSchemaLocation="https://maven.apache.org/surefire/maven-surefire-plugin/xsd/surefire-test-report.xsd" name="com.example.management.mapper.MapperTest" time="0.068" tests="1" errors="0" skipped="0" failures="0">
  <properties>
    <property name="sun.desktop" value="windows"/>
    <property name="awt.toolkit" value="sun.awt.windows.WToolkit"/>
    <property name="file.encoding.pkg" value="sun.io"/>
    <property name="java.specification.version" value="1.8"/>
    <property name="sun.cpu.isalist" value="amd64"/>
    <property name="sun.jnu.encoding" value="GBK"/>
    <property name="java.class.path" value="E:\wechatManagement\management\management\management\target\test-classes;E:\wechatManagement\management\management\management\target\classes;E:\springboot_source\org\springframework\boot\spring-boot-starter\2.7.9\spring-boot-starter-2.7.9.jar;E:\springboot_source\org\springframework\boot\spring-boot\2.7.9\spring-boot-2.7.9.jar;E:\springboot_source\org\springframework\spring-context\5.3.25\spring-context-5.3.25.jar;E:\springboot_source\org\springframework\boot\spring-boot-autoconfigure\2.7.9\spring-boot-autoconfigure-2.7.9.jar;E:\springboot_source\org\springframework\boot\spring-boot-starter-logging\2.7.9\spring-boot-starter-logging-2.7.9.jar;E:\springboot_source\ch\qos\logback\logback-classic\1.2.11\logback-classic-1.2.11.jar;E:\springboot_source\ch\qos\logback\logback-core\1.2.11\logback-core-1.2.11.jar;E:\springboot_source\org\apache\logging\log4j\log4j-to-slf4j\2.17.2\log4j-to-slf4j-2.17.2.jar;E:\springboot_source\org\apache\logging\log4j\log4j-api\2.17.2\log4j-api-2.17.2.jar;E:\springboot_source\org\slf4j\jul-to-slf4j\1.7.36\jul-to-slf4j-1.7.36.jar;E:\springboot_source\jakarta\annotation\jakarta.annotation-api\1.3.5\jakarta.annotation-api-1.3.5.jar;E:\springboot_source\org\springframework\spring-core\5.3.25\spring-core-5.3.25.jar;E:\springboot_source\org\springframework\spring-jcl\5.3.25\spring-jcl-5.3.25.jar;E:\springboot_source\org\yaml\snakeyaml\1.30\snakeyaml-1.30.jar;E:\springboot_source\org\springframework\security\spring-security-test\5.7.7\spring-security-test-5.7.7.jar;E:\springboot_source\org\springframework\security\spring-security-core\5.7.7\spring-security-core-5.7.7.jar;E:\springboot_source\org\springframework\security\spring-security-crypto\5.7.7\spring-security-crypto-5.7.7.jar;E:\springboot_source\org\springframework\spring-beans\5.3.25\spring-beans-5.3.25.jar;E:\springboot_source\org\springframework\spring-expression\5.3.25\spring-expression-5.3.25.jar;E:\springboot_source\org\springframework\security\spring-security-web\5.7.7\spring-security-web-5.7.7.jar;E:\springboot_source\org\springframework\spring-test\5.3.25\spring-test-5.3.25.jar;E:\springboot_source\org\springframework\boot\spring-boot-starter-test\2.7.9\spring-boot-starter-test-2.7.9.jar;E:\springboot_source\org\springframework\boot\spring-boot-test\2.7.9\spring-boot-test-2.7.9.jar;E:\springboot_source\org\springframework\boot\spring-boot-test-autoconfigure\2.7.9\spring-boot-test-autoconfigure-2.7.9.jar;E:\springboot_source\com\jayway\jsonpath\json-path\2.7.0\json-path-2.7.0.jar;E:\springboot_source\net\minidev\json-smart\2.4.8\json-smart-2.4.8.jar;E:\springboot_source\net\minidev\accessors-smart\2.4.8\accessors-smart-2.4.8.jar;E:\springboot_source\org\ow2\asm\asm\9.1\asm-9.1.jar;E:\springboot_source\jakarta\xml\bind\jakarta.xml.bind-api\2.3.3\jakarta.xml.bind-api-2.3.3.jar;E:\springboot_source\jakarta\activation\jakarta.activation-api\1.2.2\jakarta.activation-api-1.2.2.jar;E:\springboot_source\org\assertj\assertj-core\3.22.0\assertj-core-3.22.0.jar;E:\springboot_source\org\hamcrest\hamcrest\2.2\hamcrest-2.2.jar;E:\springboot_source\org\junit\jupiter\junit-jupiter\5.8.2\junit-jupiter-5.8.2.jar;E:\springboot_source\org\junit\jupiter\junit-jupiter-api\5.8.2\junit-jupiter-api-5.8.2.jar;E:\springboot_source\org\opentest4j\opentest4j\1.2.0\opentest4j-1.2.0.jar;E:\springboot_source\org\junit\platform\junit-platform-commons\1.8.2\junit-platform-commons-1.8.2.jar;E:\springboot_source\org\apiguardian\apiguardian-api\1.1.2\apiguardian-api-1.1.2.jar;E:\springboot_source\org\junit\jupiter\junit-jupiter-params\5.8.2\junit-jupiter-params-5.8.2.jar;E:\springboot_source\org\junit\jupiter\junit-jupiter-engine\5.8.2\junit-jupiter-engine-5.8.2.jar;E:\springboot_source\org\junit\platform\junit-platform-engine\1.8.2\junit-platform-engine-1.8.2.jar;E:\springboot_source\org\mockito\mockito-core\4.5.1\mockito-core-4.5.1.jar;E:\springboot_source\net\bytebuddy\byte-buddy\1.12.23\byte-buddy-1.12.23.jar;E:\springboot_source\net\bytebuddy\byte-buddy-agent\1.12.23\byte-buddy-agent-1.12.23.jar;E:\springboot_source\org\objenesis\objenesis\3.2\objenesis-3.2.jar;E:\springboot_source\org\mockito\mockito-junit-jupiter\4.5.1\mockito-junit-jupiter-4.5.1.jar;E:\springboot_source\org\skyscreamer\jsonassert\1.5.1\jsonassert-1.5.1.jar;E:\springboot_source\com\vaadin\external\google\android-json\0.0.20131108.vaadin1\android-json-0.0.20131108.vaadin1.jar;E:\springboot_source\org\xmlunit\xmlunit-core\2.9.1\xmlunit-core-2.9.1.jar;E:\springboot_source\org\springframework\boot\spring-boot-starter-web\2.7.9\spring-boot-starter-web-2.7.9.jar;E:\springboot_source\org\springframework\boot\spring-boot-starter-json\2.7.9\spring-boot-starter-json-2.7.9.jar;E:\springboot_source\com\fasterxml\jackson\datatype\jackson-datatype-jdk8\2.13.5\jackson-datatype-jdk8-2.13.5.jar;E:\springboot_source\com\fasterxml\jackson\datatype\jackson-datatype-jsr310\2.13.5\jackson-datatype-jsr310-2.13.5.jar;E:\springboot_source\com\fasterxml\jackson\module\jackson-module-parameter-names\2.13.5\jackson-module-parameter-names-2.13.5.jar;E:\springboot_source\org\springframework\boot\spring-boot-starter-tomcat\2.7.9\spring-boot-starter-tomcat-2.7.9.jar;E:\springboot_source\org\apache\tomcat\embed\tomcat-embed-core\9.0.71\tomcat-embed-core-9.0.71.jar;E:\springboot_source\org\apache\tomcat\embed\tomcat-embed-el\9.0.71\tomcat-embed-el-9.0.71.jar;E:\springboot_source\org\apache\tomcat\embed\tomcat-embed-websocket\9.0.71\tomcat-embed-websocket-9.0.71.jar;E:\springboot_source\org\springframework\spring-web\5.3.25\spring-web-5.3.25.jar;E:\springboot_source\org\springframework\spring-webmvc\5.3.25\spring-webmvc-5.3.25.jar;E:\springboot_source\org\springframework\boot\spring-boot-devtools\2.7.9\spring-boot-devtools-2.7.9.jar;E:\springboot_source\io\springfox\springfox-swagger2\2.9.2\springfox-swagger2-2.9.2.jar;E:\springboot_source\io\swagger\swagger-annotations\1.5.20\swagger-annotations-1.5.20.jar;E:\springboot_source\io\swagger\swagger-models\1.5.20\swagger-models-1.5.20.jar;E:\springboot_source\com\fasterxml\jackson\core\jackson-annotations\2.13.5\jackson-annotations-2.13.5.jar;E:\springboot_source\io\springfox\springfox-spi\2.9.2\springfox-spi-2.9.2.jar;E:\springboot_source\io\springfox\springfox-core\2.9.2\springfox-core-2.9.2.jar;E:\springboot_source\io\springfox\springfox-schema\2.9.2\springfox-schema-2.9.2.jar;E:\springboot_source\io\springfox\springfox-swagger-common\2.9.2\springfox-swagger-common-2.9.2.jar;E:\springboot_source\io\springfox\springfox-spring-web\2.9.2\springfox-spring-web-2.9.2.jar;E:\springboot_source\com\google\guava\guava\20.0\guava-20.0.jar;E:\springboot_source\com\fasterxml\classmate\1.5.1\classmate-1.5.1.jar;E:\springboot_source\org\slf4j\slf4j-api\1.7.36\slf4j-api-1.7.36.jar;E:\springboot_source\org\springframework\plugin\spring-plugin-core\1.2.0.RELEASE\spring-plugin-core-1.2.0.RELEASE.jar;E:\springboot_source\org\springframework\plugin\spring-plugin-metadata\1.2.0.RELEASE\spring-plugin-metadata-1.2.0.RELEASE.jar;E:\springboot_source\org\mapstruct\mapstruct\1.2.0.Final\mapstruct-1.2.0.Final.jar;E:\springboot_source\io\springfox\springfox-swagger-ui\2.9.2\springfox-swagger-ui-2.9.2.jar;E:\springboot_source\com\baomidou\mybatis-plus-boot-starter\3.0.5\mybatis-plus-boot-starter-3.0.5.jar;E:\springboot_source\com\baomidou\mybatis-plus\3.0.5\mybatis-plus-3.0.5.jar;E:\springboot_source\org\springframework\boot\spring-boot-configuration-processor\2.7.9\spring-boot-configuration-processor-2.7.9.jar;E:\springboot_source\com\baomidou\mybatis-plus-generator\3.0.5\mybatis-plus-generator-3.0.5.jar;E:\springboot_source\com\baomidou\mybatis-plus-extension\3.0.5\mybatis-plus-extension-3.0.5.jar;E:\springboot_source\com\baomidou\mybatis-plus-core\3.0.5\mybatis-plus-core-3.0.5.jar;E:\springboot_source\com\baomidou\mybatis-plus-annotation\3.0.5\mybatis-plus-annotation-3.0.5.jar;E:\springboot_source\com\github\jsqlparser\jsqlparser\1.2\jsqlparser-1.2.jar;E:\springboot_source\org\mybatis\mybatis-spring\1.3.2\mybatis-spring-1.3.2.jar;E:\springboot_source\org\mybatis\mybatis\3.4.6\mybatis-3.4.6.jar;E:\springboot_source\org\projectlombok\lombok\1.18.26\lombok-1.18.26.jar;E:\springboot_source\mysql\mysql-connector-java\5.1.6\mysql-connector-java-5.1.6.jar;E:\springboot_source\com\alibaba\druid-spring-boot-starter\1.1.20\druid-spring-boot-starter-1.1.20.jar;E:\springboot_source\com\alibaba\druid\1.1.20\druid-1.1.20.jar;E:\springboot_source\org\springframework\boot\spring-boot-starter-jdbc\2.7.9\spring-boot-starter-jdbc-2.7.9.jar;E:\springboot_source\com\zaxxer\HikariCP\4.0.3\HikariCP-4.0.3.jar;E:\springboot_source\org\springframework\spring-jdbc\5.3.25\spring-jdbc-5.3.25.jar;E:\springboot_source\org\springframework\spring-tx\5.3.25\spring-tx-5.3.25.jar;E:\springboot_source\javax\xml\bind\jaxb-api\2.3.0\jaxb-api-2.3.0.jar;E:\springboot_source\com\sun\xml\bind\jaxb-impl\2.3.0\jaxb-impl-2.3.0.jar;E:\springboot_source\com\sun\xml\bind\jaxb-core\2.3.0\jaxb-core-2.3.0.jar;E:\springboot_source\javax\activation\activation\1.1.1\activation-1.1.1.jar;E:\springboot_source\org\apache\velocity\velocity-engine-core\2.2\velocity-engine-core-2.2.jar;E:\springboot_source\org\apache\commons\commons-lang3\3.12.0\commons-lang3-3.12.0.jar;E:\springboot_source\org\springframework\boot\spring-boot-starter-security\2.7.9\spring-boot-starter-security-2.7.9.jar;E:\springboot_source\org\springframework\spring-aop\5.3.25\spring-aop-5.3.25.jar;E:\springboot_source\org\springframework\security\spring-security-config\5.7.7\spring-security-config-5.7.7.jar;E:\springboot_source\org\springframework\boot\spring-boot-starter-data-redis\2.7.9\spring-boot-starter-data-redis-2.7.9.jar;E:\springboot_source\org\springframework\data\spring-data-redis\2.7.8\spring-data-redis-2.7.8.jar;E:\springboot_source\org\springframework\data\spring-data-keyvalue\2.7.8\spring-data-keyvalue-2.7.8.jar;E:\springboot_source\org\springframework\data\spring-data-commons\2.7.8\spring-data-commons-2.7.8.jar;E:\springboot_source\org\springframework\spring-oxm\5.3.25\spring-oxm-5.3.25.jar;E:\springboot_source\org\springframework\spring-context-support\5.3.25\spring-context-support-5.3.25.jar;E:\springboot_source\io\lettuce\lettuce-core\6.1.10.RELEASE\lettuce-core-6.1.10.RELEASE.jar;E:\springboot_source\io\netty\netty-common\4.1.89.Final\netty-common-4.1.89.Final.jar;E:\springboot_source\io\netty\netty-handler\4.1.89.Final\netty-handler-4.1.89.Final.jar;E:\springboot_source\io\netty\netty-resolver\4.1.89.Final\netty-resolver-4.1.89.Final.jar;E:\springboot_source\io\netty\netty-buffer\4.1.89.Final\netty-buffer-4.1.89.Final.jar;E:\springboot_source\io\netty\netty-transport-native-unix-common\4.1.89.Final\netty-transport-native-unix-common-4.1.89.Final.jar;E:\springboot_source\io\netty\netty-codec\4.1.89.Final\netty-codec-4.1.89.Final.jar;E:\springboot_source\io\netty\netty-transport\4.1.89.Final\netty-transport-4.1.89.Final.jar;E:\springboot_source\io\projectreactor\reactor-core\3.4.27\reactor-core-3.4.27.jar;E:\springboot_source\org\reactivestreams\reactive-streams\1.0.4\reactive-streams-1.0.4.jar;E:\springboot_source\com\alibaba\fastjson\1.2.28\fastjson-1.2.28.jar;E:\springboot_source\io\jsonwebtoken\jjwt\0.9.1\jjwt-0.9.1.jar;E:\springboot_source\com\fasterxml\jackson\core\jackson-databind\2.13.5\jackson-databind-2.13.5.jar;E:\springboot_source\com\fasterxml\jackson\core\jackson-core\2.13.5\jackson-core-2.13.5.jar;E:\springboot_source\org\springframework\boot\spring-boot-starter-actuator\2.7.9\spring-boot-starter-actuator-2.7.9.jar;E:\springboot_source\org\springframework\boot\spring-boot-actuator-autoconfigure\2.7.9\spring-boot-actuator-autoconfigure-2.7.9.jar;E:\springboot_source\org\springframework\boot\spring-boot-actuator\2.7.9\spring-boot-actuator-2.7.9.jar;E:\springboot_source\io\micrometer\micrometer-core\1.9.8\micrometer-core-1.9.8.jar;E:\springboot_source\org\hdrhistogram\HdrHistogram\2.1.12\HdrHistogram-2.1.12.jar;E:\springboot_source\org\latencyutils\LatencyUtils\2.0.3\LatencyUtils-2.0.3.jar;"/>
    <property name="java.vm.vendor" value="Oracle Corporation"/>
    <property name="sun.arch.data.model" value="64"/>
    <property name="user.variant" value=""/>
    <property name="java.vendor.url" value="http://java.oracle.com/"/>
    <property name="user.timezone" value="Asia/Shanghai"/>
    <property name="java.vm.specification.version" value="1.8"/>
    <property name="os.name" value="Windows 10"/>
    <property name="user.country" value="CN"/>
    <property name="sun.java.launcher" value="SUN_STANDARD"/>
    <property name="sun.boot.library.path" value="E:\springboot_source\openlogic-openjdk-8u342-b07-windows-x64\openlogic-openjdk-8u342-b07-windows-64\jre\bin"/>
    <property name="sun.java.command" value="C:\Users\wtfkmjy\AppData\Local\Temp\surefire5638024543777604705\surefirebooter265923997173375764.jar C:\Users\wtfkmjy\AppData\Local\Temp\surefire5638024543777604705 2023-04-01T16-59-12_539-jvmRun1 surefire200322654154517155tmp surefire_0414059054108361258tmp"/>
    <property name="surefire.test.class.path" value="E:\wechatManagement\management\management\management\target\test-classes;E:\wechatManagement\management\management\management\target\classes;E:\springboot_source\org\springframework\boot\spring-boot-starter\2.7.9\spring-boot-starter-2.7.9.jar;E:\springboot_source\org\springframework\boot\spring-boot\2.7.9\spring-boot-2.7.9.jar;E:\springboot_source\org\springframework\spring-context\5.3.25\spring-context-5.3.25.jar;E:\springboot_source\org\springframework\boot\spring-boot-autoconfigure\2.7.9\spring-boot-autoconfigure-2.7.9.jar;E:\springboot_source\org\springframework\boot\spring-boot-starter-logging\2.7.9\spring-boot-starter-logging-2.7.9.jar;E:\springboot_source\ch\qos\logback\logback-classic\1.2.11\logback-classic-1.2.11.jar;E:\springboot_source\ch\qos\logback\logback-core\1.2.11\logback-core-1.2.11.jar;E:\springboot_source\org\apache\logging\log4j\log4j-to-slf4j\2.17.2\log4j-to-slf4j-2.17.2.jar;E:\springboot_source\org\apache\logging\log4j\log4j-api\2.17.2\log4j-api-2.17.2.jar;E:\springboot_source\org\slf4j\jul-to-slf4j\1.7.36\jul-to-slf4j-1.7.36.jar;E:\springboot_source\jakarta\annotation\jakarta.annotation-api\1.3.5\jakarta.annotation-api-1.3.5.jar;E:\springboot_source\org\springframework\spring-core\5.3.25\spring-core-5.3.25.jar;E:\springboot_source\org\springframework\spring-jcl\5.3.25\spring-jcl-5.3.25.jar;E:\springboot_source\org\yaml\snakeyaml\1.30\snakeyaml-1.30.jar;E:\springboot_source\org\springframework\security\spring-security-test\5.7.7\spring-security-test-5.7.7.jar;E:\springboot_source\org\springframework\security\spring-security-core\5.7.7\spring-security-core-5.7.7.jar;E:\springboot_source\org\springframework\security\spring-security-crypto\5.7.7\spring-security-crypto-5.7.7.jar;E:\springboot_source\org\springframework\spring-beans\5.3.25\spring-beans-5.3.25.jar;E:\springboot_source\org\springframework\spring-expression\5.3.25\spring-expression-5.3.25.jar;E:\springboot_source\org\springframework\security\spring-security-web\5.7.7\spring-security-web-5.7.7.jar;E:\springboot_source\org\springframework\spring-test\5.3.25\spring-test-5.3.25.jar;E:\springboot_source\org\springframework\boot\spring-boot-starter-test\2.7.9\spring-boot-starter-test-2.7.9.jar;E:\springboot_source\org\springframework\boot\spring-boot-test\2.7.9\spring-boot-test-2.7.9.jar;E:\springboot_source\org\springframework\boot\spring-boot-test-autoconfigure\2.7.9\spring-boot-test-autoconfigure-2.7.9.jar;E:\springboot_source\com\jayway\jsonpath\json-path\2.7.0\json-path-2.7.0.jar;E:\springboot_source\net\minidev\json-smart\2.4.8\json-smart-2.4.8.jar;E:\springboot_source\net\minidev\accessors-smart\2.4.8\accessors-smart-2.4.8.jar;E:\springboot_source\org\ow2\asm\asm\9.1\asm-9.1.jar;E:\springboot_source\jakarta\xml\bind\jakarta.xml.bind-api\2.3.3\jakarta.xml.bind-api-2.3.3.jar;E:\springboot_source\jakarta\activation\jakarta.activation-api\1.2.2\jakarta.activation-api-1.2.2.jar;E:\springboot_source\org\assertj\assertj-core\3.22.0\assertj-core-3.22.0.jar;E:\springboot_source\org\hamcrest\hamcrest\2.2\hamcrest-2.2.jar;E:\springboot_source\org\junit\jupiter\junit-jupiter\5.8.2\junit-jupiter-5.8.2.jar;E:\springboot_source\org\junit\jupiter\junit-jupiter-api\5.8.2\junit-jupiter-api-5.8.2.jar;E:\springboot_source\org\opentest4j\opentest4j\1.2.0\opentest4j-1.2.0.jar;E:\springboot_source\org\junit\platform\junit-platform-commons\1.8.2\junit-platform-commons-1.8.2.jar;E:\springboot_source\org\apiguardian\apiguardian-api\1.1.2\apiguardian-api-1.1.2.jar;E:\springboot_source\org\junit\jupiter\junit-jupiter-params\5.8.2\junit-jupiter-params-5.8.2.jar;E:\springboot_source\org\junit\jupiter\junit-jupiter-engine\5.8.2\junit-jupiter-engine-5.8.2.jar;E:\springboot_source\org\junit\platform\junit-platform-engine\1.8.2\junit-platform-engine-1.8.2.jar;E:\springboot_source\org\mockito\mockito-core\4.5.1\mockito-core-4.5.1.jar;E:\springboot_source\net\bytebuddy\byte-buddy\1.12.23\byte-buddy-1.12.23.jar;E:\springboot_source\net\bytebuddy\byte-buddy-agent\1.12.23\byte-buddy-agent-1.12.23.jar;E:\springboot_source\org\objenesis\objenesis\3.2\objenesis-3.2.jar;E:\springboot_source\org\mockito\mockito-junit-jupiter\4.5.1\mockito-junit-jupiter-4.5.1.jar;E:\springboot_source\org\skyscreamer\jsonassert\1.5.1\jsonassert-1.5.1.jar;E:\springboot_source\com\vaadin\external\google\android-json\0.0.20131108.vaadin1\android-json-0.0.20131108.vaadin1.jar;E:\springboot_source\org\xmlunit\xmlunit-core\2.9.1\xmlunit-core-2.9.1.jar;E:\springboot_source\org\springframework\boot\spring-boot-starter-web\2.7.9\spring-boot-starter-web-2.7.9.jar;E:\springboot_source\org\springframework\boot\spring-boot-starter-json\2.7.9\spring-boot-starter-json-2.7.9.jar;E:\springboot_source\com\fasterxml\jackson\datatype\jackson-datatype-jdk8\2.13.5\jackson-datatype-jdk8-2.13.5.jar;E:\springboot_source\com\fasterxml\jackson\datatype\jackson-datatype-jsr310\2.13.5\jackson-datatype-jsr310-2.13.5.jar;E:\springboot_source\com\fasterxml\jackson\module\jackson-module-parameter-names\2.13.5\jackson-module-parameter-names-2.13.5.jar;E:\springboot_source\org\springframework\boot\spring-boot-starter-tomcat\2.7.9\spring-boot-starter-tomcat-2.7.9.jar;E:\springboot_source\org\apache\tomcat\embed\tomcat-embed-core\9.0.71\tomcat-embed-core-9.0.71.jar;E:\springboot_source\org\apache\tomcat\embed\tomcat-embed-el\9.0.71\tomcat-embed-el-9.0.71.jar;E:\springboot_source\org\apache\tomcat\embed\tomcat-embed-websocket\9.0.71\tomcat-embed-websocket-9.0.71.jar;E:\springboot_source\org\springframework\spring-web\5.3.25\spring-web-5.3.25.jar;E:\springboot_source\org\springframework\spring-webmvc\5.3.25\spring-webmvc-5.3.25.jar;E:\springboot_source\org\springframework\boot\spring-boot-devtools\2.7.9\spring-boot-devtools-2.7.9.jar;E:\springboot_source\io\springfox\springfox-swagger2\2.9.2\springfox-swagger2-2.9.2.jar;E:\springboot_source\io\swagger\swagger-annotations\1.5.20\swagger-annotations-1.5.20.jar;E:\springboot_source\io\swagger\swagger-models\1.5.20\swagger-models-1.5.20.jar;E:\springboot_source\com\fasterxml\jackson\core\jackson-annotations\2.13.5\jackson-annotations-2.13.5.jar;E:\springboot_source\io\springfox\springfox-spi\2.9.2\springfox-spi-2.9.2.jar;E:\springboot_source\io\springfox\springfox-core\2.9.2\springfox-core-2.9.2.jar;E:\springboot_source\io\springfox\springfox-schema\2.9.2\springfox-schema-2.9.2.jar;E:\springboot_source\io\springfox\springfox-swagger-common\2.9.2\springfox-swagger-common-2.9.2.jar;E:\springboot_source\io\springfox\springfox-spring-web\2.9.2\springfox-spring-web-2.9.2.jar;E:\springboot_source\com\google\guava\guava\20.0\guava-20.0.jar;E:\springboot_source\com\fasterxml\classmate\1.5.1\classmate-1.5.1.jar;E:\springboot_source\org\slf4j\slf4j-api\1.7.36\slf4j-api-1.7.36.jar;E:\springboot_source\org\springframework\plugin\spring-plugin-core\1.2.0.RELEASE\spring-plugin-core-1.2.0.RELEASE.jar;E:\springboot_source\org\springframework\plugin\spring-plugin-metadata\1.2.0.RELEASE\spring-plugin-metadata-1.2.0.RELEASE.jar;E:\springboot_source\org\mapstruct\mapstruct\1.2.0.Final\mapstruct-1.2.0.Final.jar;E:\springboot_source\io\springfox\springfox-swagger-ui\2.9.2\springfox-swagger-ui-2.9.2.jar;E:\springboot_source\com\baomidou\mybatis-plus-boot-starter\3.0.5\mybatis-plus-boot-starter-3.0.5.jar;E:\springboot_source\com\baomidou\mybatis-plus\3.0.5\mybatis-plus-3.0.5.jar;E:\springboot_source\org\springframework\boot\spring-boot-configuration-processor\2.7.9\spring-boot-configuration-processor-2.7.9.jar;E:\springboot_source\com\baomidou\mybatis-plus-generator\3.0.5\mybatis-plus-generator-3.0.5.jar;E:\springboot_source\com\baomidou\mybatis-plus-extension\3.0.5\mybatis-plus-extension-3.0.5.jar;E:\springboot_source\com\baomidou\mybatis-plus-core\3.0.5\mybatis-plus-core-3.0.5.jar;E:\springboot_source\com\baomidou\mybatis-plus-annotation\3.0.5\mybatis-plus-annotation-3.0.5.jar;E:\springboot_source\com\github\jsqlparser\jsqlparser\1.2\jsqlparser-1.2.jar;E:\springboot_source\org\mybatis\mybatis-spring\1.3.2\mybatis-spring-1.3.2.jar;E:\springboot_source\org\mybatis\mybatis\3.4.6\mybatis-3.4.6.jar;E:\springboot_source\org\projectlombok\lombok\1.18.26\lombok-1.18.26.jar;E:\springboot_source\mysql\mysql-connector-java\5.1.6\mysql-connector-java-5.1.6.jar;E:\springboot_source\com\alibaba\druid-spring-boot-starter\1.1.20\druid-spring-boot-starter-1.1.20.jar;E:\springboot_source\com\alibaba\druid\1.1.20\druid-1.1.20.jar;E:\springboot_source\org\springframework\boot\spring-boot-starter-jdbc\2.7.9\spring-boot-starter-jdbc-2.7.9.jar;E:\springboot_source\com\zaxxer\HikariCP\4.0.3\HikariCP-4.0.3.jar;E:\springboot_source\org\springframework\spring-jdbc\5.3.25\spring-jdbc-5.3.25.jar;E:\springboot_source\org\springframework\spring-tx\5.3.25\spring-tx-5.3.25.jar;E:\springboot_source\javax\xml\bind\jaxb-api\2.3.0\jaxb-api-2.3.0.jar;E:\springboot_source\com\sun\xml\bind\jaxb-impl\2.3.0\jaxb-impl-2.3.0.jar;E:\springboot_source\com\sun\xml\bind\jaxb-core\2.3.0\jaxb-core-2.3.0.jar;E:\springboot_source\javax\activation\activation\1.1.1\activation-1.1.1.jar;E:\springboot_source\org\apache\velocity\velocity-engine-core\2.2\velocity-engine-core-2.2.jar;E:\springboot_source\org\apache\commons\commons-lang3\3.12.0\commons-lang3-3.12.0.jar;E:\springboot_source\org\springframework\boot\spring-boot-starter-security\2.7.9\spring-boot-starter-security-2.7.9.jar;E:\springboot_source\org\springframework\spring-aop\5.3.25\spring-aop-5.3.25.jar;E:\springboot_source\org\springframework\security\spring-security-config\5.7.7\spring-security-config-5.7.7.jar;E:\springboot_source\org\springframework\boot\spring-boot-starter-data-redis\2.7.9\spring-boot-starter-data-redis-2.7.9.jar;E:\springboot_source\org\springframework\data\spring-data-redis\2.7.8\spring-data-redis-2.7.8.jar;E:\springboot_source\org\springframework\data\spring-data-keyvalue\2.7.8\spring-data-keyvalue-2.7.8.jar;E:\springboot_source\org\springframework\data\spring-data-commons\2.7.8\spring-data-commons-2.7.8.jar;E:\springboot_source\org\springframework\spring-oxm\5.3.25\spring-oxm-5.3.25.jar;E:\springboot_source\org\springframework\spring-context-support\5.3.25\spring-context-support-5.3.25.jar;E:\springboot_source\io\lettuce\lettuce-core\6.1.10.RELEASE\lettuce-core-6.1.10.RELEASE.jar;E:\springboot_source\io\netty\netty-common\4.1.89.Final\netty-common-4.1.89.Final.jar;E:\springboot_source\io\netty\netty-handler\4.1.89.Final\netty-handler-4.1.89.Final.jar;E:\springboot_source\io\netty\netty-resolver\4.1.89.Final\netty-resolver-4.1.89.Final.jar;E:\springboot_source\io\netty\netty-buffer\4.1.89.Final\netty-buffer-4.1.89.Final.jar;E:\springboot_source\io\netty\netty-transport-native-unix-common\4.1.89.Final\netty-transport-native-unix-common-4.1.89.Final.jar;E:\springboot_source\io\netty\netty-codec\4.1.89.Final\netty-codec-4.1.89.Final.jar;E:\springboot_source\io\netty\netty-transport\4.1.89.Final\netty-transport-4.1.89.Final.jar;E:\springboot_source\io\projectreactor\reactor-core\3.4.27\reactor-core-3.4.27.jar;E:\springboot_source\org\reactivestreams\reactive-streams\1.0.4\reactive-streams-1.0.4.jar;E:\springboot_source\com\alibaba\fastjson\1.2.28\fastjson-1.2.28.jar;E:\springboot_source\io\jsonwebtoken\jjwt\0.9.1\jjwt-0.9.1.jar;E:\springboot_source\com\fasterxml\jackson\core\jackson-databind\2.13.5\jackson-databind-2.13.5.jar;E:\springboot_source\com\fasterxml\jackson\core\jackson-core\2.13.5\jackson-core-2.13.5.jar;E:\springboot_source\org\springframework\boot\spring-boot-starter-actuator\2.7.9\spring-boot-starter-actuator-2.7.9.jar;E:\springboot_source\org\springframework\boot\spring-boot-actuator-autoconfigure\2.7.9\spring-boot-actuator-autoconfigure-2.7.9.jar;E:\springboot_source\org\springframework\boot\spring-boot-actuator\2.7.9\spring-boot-actuator-2.7.9.jar;E:\springboot_source\io\micrometer\micrometer-core\1.9.8\micrometer-core-1.9.8.jar;E:\springboot_source\org\hdrhistogram\HdrHistogram\2.1.12\HdrHistogram-2.1.12.jar;E:\springboot_source\org\latencyutils\LatencyUtils\2.0.3\LatencyUtils-2.0.3.jar;"/>
    <property name="sun.cpu.endian" value="little"/>
    <property name="user.home" value="C:\Users\wtfkmjy"/>
    <property name="user.language" value="zh"/>
    <property name="java.specification.vendor" value="Oracle Corporation"/>
    <property name="java.home" value="E:\springboot_source\openlogic-openjdk-8u342-b07-windows-x64\openlogic-openjdk-8u342-b07-windows-64\jre"/>
    <property name="basedir" value="E:\wechatManagement\management\management\management"/>
    <property name="file.separator" value="\"/>
    <property name="line.separator" value="&#10;"/>
    <property name="java.vm.specification.vendor" value="Oracle Corporation"/>
    <property name="java.specification.name" value="Java Platform API Specification"/>
    <property name="java.awt.graphicsenv" value="sun.awt.Win32GraphicsEnvironment"/>
    <property name="surefire.real.class.path" value="C:\Users\wtfkmjy\AppData\Local\Temp\surefire5638024543777604705\surefirebooter265923997173375764.jar"/>
    <property name="sun.boot.class.path" value="E:\springboot_source\openlogic-openjdk-8u342-b07-windows-x64\openlogic-openjdk-8u342-b07-windows-64\jre\lib\resources.jar;E:\springboot_source\openlogic-openjdk-8u342-b07-windows-x64\openlogic-openjdk-8u342-b07-windows-64\jre\lib\rt.jar;E:\springboot_source\openlogic-openjdk-8u342-b07-windows-x64\openlogic-openjdk-8u342-b07-windows-64\jre\lib\sunrsasign.jar;E:\springboot_source\openlogic-openjdk-8u342-b07-windows-x64\openlogic-openjdk-8u342-b07-windows-64\jre\lib\jsse.jar;E:\springboot_source\openlogic-openjdk-8u342-b07-windows-x64\openlogic-openjdk-8u342-b07-windows-64\jre\lib\jce.jar;E:\springboot_source\openlogic-openjdk-8u342-b07-windows-x64\openlogic-openjdk-8u342-b07-windows-64\jre\lib\charsets.jar;E:\springboot_source\openlogic-openjdk-8u342-b07-windows-x64\openlogic-openjdk-8u342-b07-windows-64\jre\lib\jfr.jar;E:\springboot_source\openlogic-openjdk-8u342-b07-windows-x64\openlogic-openjdk-8u342-b07-windows-64\jre\classes"/>
    <property name="user.script" value=""/>
    <property name="sun.management.compiler" value="HotSpot 64-Bit Tiered Compilers"/>
    <property name="java.runtime.version" value="1.8.0_342-342-b07"/>
    <property name="user.name" value="wtfkmjy"/>
    <property name="path.separator" value=";"/>
    <property name="os.version" value="10.0"/>
    <property name="java.endorsed.dirs" value="E:\springboot_source\openlogic-openjdk-8u342-b07-windows-x64\openlogic-openjdk-8u342-b07-windows-64\jre\lib\endorsed"/>
    <property name="java.runtime.name" value="OpenJDK Runtime Environment"/>
    <property name="file.encoding" value="GBK"/>
    <property name="java.vm.name" value="OpenJDK 64-Bit Server VM"/>
    <property name="localRepository" value="E:\springboot_source"/>
    <property name="java.vendor.url.bug" value="http://bugreport.sun.com/bugreport/"/>
    <property name="java.io.tmpdir" value="C:\Users\wtfkmjy\AppData\Local\Temp\"/>
    <property name="idea.version" value="2020.2.4"/>
    <property name="java.version" value="1.8.0_342-342"/>
    <property name="user.dir" value="E:\wechatManagement\management\management\management"/>
    <property name="os.arch" value="amd64"/>
    <property name="java.vm.specification.name" value="Java Virtual Machine Specification"/>
    <property name="java.awt.printerjob" value="sun.awt.windows.WPrinterJob"/>
    <property name="sun.os.patch.level" value=""/>
    <property name="java.library.path" value="E:\springboot_source\openlogic-openjdk-8u342-b07-windows-x64\openlogic-openjdk-8u342-b07-windows-64\jre\bin;C:\WINDOWS\Sun\Java\bin;C:\WINDOWS\system32;C:\WINDOWS;F:\VMWare\bin\;C:\Program Files\Common Files\Oracle\Java\javapath;C:\Windows\system32;C:\Windows;C:\Windows\System32\Wbem;C:\Windows\System32\WindowsPowerShell\v1.0\;C:\Windows\System32\OpenSSH\;C:\Program Files (x86)\NVIDIA Corporation\PhysX\Common;C:\Program Files\NVIDIA Corporation\NVIDIA NvDLISR;C:\Program Files\Git\cmd;D:\mingw-w64\mingw64\bin;C:\Program Files (x86)\Yarn\bin\;E:\anaconda3\Scripts;C:\WINDOWS\system32;C:\WINDOWS;C:\WINDOWS\System32\Wbem;C:\WINDOWS\System32\WindowsPowerShell\v1.0\;C:\WINDOWS\System32\OpenSSH\;C:\Program Files\Java\jdk-16.0.2\bin;C:\Program Files\Java\jdk-16.0.2\jre\bin;E:\LaTex\texlive\2021\bin\win32;D:\apache-tomcat-8.5.82-windows-x64\apache-tomcat-8.5.82\lib;D:\apache-tomcat-8.5.82-windows-x64\apache-tomcat-8.5.82\bin;D:\wamp64\bin\mysql\mysql5.7.26\bin;D:\Nodejs\;E:\springboot_source\apache-maven-3.5.4-bin\apache-maven-3.5.4\bin;D:\Tools\WinNT;D:\MSDev98\Bin;D:\Tools;D:\Microsoft Visual Studio\VC98\bin;C:\Users\wtfkmjy\AppData\Local\Microsoft\WindowsApps;D:\Microsoft VS Code\bin;C:\Users\wtfkmjy\AppData\Local\Yarn\bin;E:\IntelliJ IDEA 2021.2.2\bin;;F:\QQGameTempest\Hall.57734\;C:\Users\wtfkmjy\AppData\Roaming\npm;."/>
    <property name="java.vm.info" value="mixed mode"/>
    <property name="java.vendor" value="OpenLogic-OpenJDK"/>
    <property name="java.vm.version" value="25.342-b07"/>
    <property name="java.ext.dirs" value="E:\springboot_source\openlogic-openjdk-8u342-b07-windows-x64\openlogic-openjdk-8u342-b07-windows-64\jre\lib\ext;C:\WINDOWS\Sun\Java\lib\ext"/>
    <property name="sun.io.unicode.encoding" value="UnicodeLittle"/>
    <property name="java.class.version" value="52.0"/>
  </properties>
  <testcase name="manuMapperTest" classname="com.example.management.mapper.MapperTest" time="0.051"/>
</testsuite>